<?xml version="1.0" encoding="UTF-8"?>
<!-- Generated by org.testng.reporters.JUnitReportReporter -->
<testsuite skipped="0" hostname="5200000002" name="academy_rahul.SignInTest" tests="2" failures="0" timestamp="2020-10-16T15:11:45 CEST" time="2.834" errors="0">
  <testcase name="SignIn" time="0.362" classname="academy_rahul.SignInTest"/>
  <system-out/>
  <testcase name="SignIn" time="2.472" classname="academy_rahul.SignInTest"/>
  <system-out/>
</testsuite> <!-- academy_rahul.SignInTest -->
